<!DOCTYPE html PUBLIC "-//W3C//DTD XHTML 1.1//EN" "https://www.w3.org/TR/xhtml11/DTD/xhtml11.dtd">
<html xmlns="https://www.w3.org/1999/xhtml">
<head>
<meta http-equiv="content-type" content="text/html; charset=UTF-8"/>
<title>TestNG Report</title>
<style type="text/css">table {margin-bottom:10px;border-collapse:collapse;empty-cells:show}th,td {border:1px solid #009;padding:.25em .5em}th {vertical-align:bottom}td {vertical-align:top}table a {font-weight:bold}.stripe td {background-color: #E6EBF9}.num {text-align:right}.passedodd td {background-color: #3F3}.passedeven td {background-color: #0A0}.skippedodd td {background-color: #DDD}.skippedeven td {background-color: #CCC}.failedodd td,.attn {background-color: #F33}.failedeven td,.stripe .attn {background-color: #D00}.stacktrace {white-space:pre;font-family:monospace}.totop {font-size:85%;text-align:center;border-bottom:2px solid #000}.invisible {display:none}</style>
</head>
<body>
<table>
<tr><th>Test</th><th># Passed</th><th># Skipped</th><th># Retried</th><th># Failed</th><th>Time (ms)</th><th>Included Groups</th><th>Excluded Groups</th></tr>
<tr><th colspan="8">MySuite</th></tr>
<tr><td><a href="#t0">MyTests</a></td><td class="num">0</td><td class="num">0</td><td class="num">0</td><td class="num attn">4</td><td class="num">16,200</td><td></td><td></td></tr>
</table>
<table id='summary'><thead><tr><th>Class</th><th>Method</th><th>Start</th><th>Time (ms)</th></tr></thead><tbody><tr><th colspan="4">MySuite</th></tr></tbody><tbody id="t0"><tr><th colspan="4">MyTests &#8212; failed</th></tr><tr class="failedeven"><td rowspan="1">Tests.LoginTest</td><td><a href="#m0">testValidLogin</a></td><td rowspan="1">1758870986918</td><td rowspan="1">947</td></tr><tr class="failedodd"><td rowspan="3">Tests.RegisterTest</td><td><a href="#m1">testUserRegistration</a></td><td rowspan="3">1758870998457</td><td rowspan="3">1326</td></tr><tr class="failedodd"><td><a href="#m2">testUserRegistration</a></td></tr><tr class="failedodd"><td><a href="#m3">testUserRegistration</a></td></tr></tbody>
</table>
<h2>MyTests</h2><h3 id="m0">Tests.LoginTest#testValidLogin</h3><table class="result"><tr><th>Exception</th></tr><tr><td><div class="stacktrace">java.lang.AssertionError: expected [true] but found [false]
	at Tests.LoginTest.testValidLogin(LoginTest.java:19)
	at java.base/java.util.ArrayList.forEach(ArrayList.java:1596)
... Removed 33 stack frames</div></td></tr></table><p class="totop"><a href="#summary">back to summary</a></p>
<h3 id="m1">Tests.RegisterTest#testUserRegistration</h3><table class="result"><tr class="param"><th>Parameter #1</th><th>Parameter #2</th><th>Parameter #3</th><th>Parameter #4</th><th>Parameter #5</th><th>Parameter #6</th><th>Parameter #7</th><th>Parameter #8</th><th>Parameter #9</th><th>Parameter #10</th><th>Parameter #11</th></tr><tr class="param stripe"><td>Anita</td><td>Rao</td><td>789 Lake View</td><td>Hyderabad</td><td>Telangana</td><td>500001</td><td>9988776655</td><td>111222333</td><td>AnitaQA3</td><td>Anita@123</td><td>Anita@123</td></tr><tr><th colspan="11">Exception</th></tr><tr><td colspan="11"><div class="stacktrace">java.lang.AssertionError: expected [true] but found [false]
	at Tests.RegisterTest.testUserRegistration(RegisterTest.java:27)
	at java.base/java.util.ArrayList.forEach(ArrayList.java:1596)
... Removed 33 stack frames</div></td></tr></table><p class="totop"><a href="#summary">back to summary</a></p>
<h3 id="m2">Tests.RegisterTest#testUserRegistration</h3><table class="result"><tr class="param"><th>Parameter #1</th><th>Parameter #2</th><th>Parameter #3</th><th>Parameter #4</th><th>Parameter #5</th><th>Parameter #6</th><th>Parameter #7</th><th>Parameter #8</th><th>Parameter #9</th><th>Parameter #10</th><th>Parameter #11</th></tr><tr class="param stripe"><td>Ramamani</td><td>Seshadri</td><td>123 Test Street</td><td>Bangalore</td><td>Karnataka</td><td>560001</td><td>9876543210</td><td>123456789</td><td>RamamaniQA1</td><td>Vaish@123</td><td>Vaish@123</td></tr><tr><th colspan="11">Exception</th></tr><tr><td colspan="11"><div class="stacktrace">java.lang.AssertionError: expected [true] but found [false]
	at Tests.RegisterTest.testUserRegistration(RegisterTest.java:27)
	at java.base/java.util.ArrayList.forEach(ArrayList.java:1596)
... Removed 33 stack frames</div></td></tr></table><p class="totop"><a href="#summary">back to summary</a></p>
<h3 id="m3">Tests.RegisterTest#testUserRegistration</h3><table class="result"><tr class="param"><th>Parameter #1</th><th>Parameter #2</th><th>Parameter #3</th><th>Parameter #4</th><th>Parameter #5</th><th>Parameter #6</th><th>Parameter #7</th><th>Parameter #8</th><th>Parameter #9</th><th>Parameter #10</th><th>Parameter #11</th></tr><tr class="param stripe"><td>Lakshmi</td><td>Narayan</td><td>456 Main Road</td><td>Chennai</td><td>Tamil Nadu</td><td>600001</td><td>9123456789</td><td>987654321</td><td>LakshmiQA2</td><td>Lakshmi@123</td><td>Lakshmi@123</td></tr><tr><th colspan="11">Exception</th></tr><tr><td colspan="11"><div class="stacktrace">java.lang.AssertionError: expected [true] but found [false]
	at Tests.RegisterTest.testUserRegistration(RegisterTest.java:27)
	at java.base/java.util.ArrayList.forEach(ArrayList.java:1596)
... Removed 33 stack frames</div></td></tr></table><p class="totop"><a href="#summary">back to summary</a></p>
</body>
</html>
